{"level":30,"time":1681909808679,"pid":6314,"hostname":"wenxindeMacBook-Pro-2.local","msg":"### 集市库存更新 \n > 名称：53%vol 500ml 贵州茅台酒二十四节气之雨水 \n > 价格：2899 \n > 库存：5 \n > 比例：拥有指定数字藏品并行权后可购买该商品 \n-------\n"}
{"level":30,"time":1681909812803,"pid":6314,"hostname":"wenxindeMacBook-Pro-2.local","msg":"### 集市库存更新 \n > 名称：53%vol 500ml 贵州茅台酒二十四节气之雨水 \n > 价格：2899 \n > 库存：3 \n > 比例：拥有指定数字藏品并行权后可购买该商品 \n-------\n"}
{"level":30,"time":1681909817889,"pid":6314,"hostname":"wenxindeMacBook-Pro-2.local","msg":"### 集市库存更新 \n > 名称：53%vol 500ml 贵州茅台酒二十四节气之雨水 \n > 价格：2899 \n > 库存：6 \n > 比例：拥有指定数字藏品并行权后可购买该商品 \n-------\n"}
{"level":30,"time":1682217185212,"pid":23183,"hostname":"wenxindeMacBook-Pro-2.local","msg":"### 集市库存更新 \n > 名称：53%vol 500ml 贵州茅台酒二十四节气之雨水 \n > 价格：2899 \n > 库存：10 \n > 比例：拥有指定数字藏品并行权后可购买该商品 \n-------\n"}
{"level":30,"time":1682217191886,"pid":23183,"hostname":"wenxindeMacBook-Pro-2.local","msg":"### 集市库存更新 \n > 名称：53%vol 500ml 贵州茅台酒二十四节气之雨水 \n > 价格：2899 \n > 库存：9 \n > 比例：拥有指定数字藏品并行权后可购买该商品 \n-------\n"}
{"level":30,"time":1682217197592,"pid":23183,"hostname":"wenxindeMacBook-Pro-2.local","msg":"### 集市库存更新 \n > 名称：53%vol 500ml 贵州茅台酒二十四节气之雨水 \n > 价格：2899 \n > 库存：8 \n > 比例：拥有指定数字藏品并行权后可购买该商品 \n-------\n"}
{"level":30,"time":1682217202295,"pid":23183,"hostname":"wenxindeMacBook-Pro-2.local","msg":"### 集市库存更新 \n > 名称：53%vol 500ml 贵州茅台酒二十四节气之雨水 \n > 价格：2899 \n > 库存：5 \n > 比例：拥有指定数字藏品并行权后可购买该商品 \n-------\n"}
{"level":30,"time":1682217206662,"pid":23183,"hostname":"wenxindeMacBook-Pro-2.local","msg":"### 集市库存更新 \n > 名称：53%vol 500ml 贵州茅台酒二十四节气之雨水 \n > 价格：2899 \n > 库存：6 \n > 比例：拥有指定数字藏品并行权后可购买该商品 \n-------\n"}
{"level":30,"time":1682217211989,"pid":23183,"hostname":"wenxindeMacBook-Pro-2.local","msg":"### 集市库存更新 \n > 名称：53%vol 500ml 贵州茅台酒二十四节气之雨水 \n > 价格：2899 \n > 库存：5 \n > 比例：拥有指定数字藏品并行权后可购买该商品 \n-------\n"}
{"level":30,"time":1682217227687,"pid":23183,"hostname":"wenxindeMacBook-Pro-2.local","msg":"### 集市库存更新 \n > 名称：53%vol 500ml 贵州茅台酒二十四节气之雨水 \n > 价格：2899 \n > 库存：4 \n > 比例：拥有指定数字藏品并行权后可购买该商品 \n-------\n"}
{"level":30,"time":1682217232401,"pid":23183,"hostname":"wenxindeMacBook-Pro-2.local","msg":"### 集市库存更新 \n > 名称：53%vol 500ml 贵州茅台酒二十四节气之雨水 \n > 价格：2899 \n > 库存：10 \n > 比例：拥有指定数字藏品并行权后可购买该商品 \n-------\n"}
{"level":30,"time":1682217248520,"pid":23193,"hostname":"wenxindeMacBook-Pro-2.local","msg":"### 集市库存更新 \n > 名称：53%vol 500ml 贵州茅台酒二十四节气之雨水 \n > 价格：2899 \n > 库存：4 \n > 比例：请点击背包内“立春·美自天成”数字1:1藏品“行权”按钮进行购买 \n-------\n"}
{"level":30,"time":1682217256021,"pid":23193,"hostname":"wenxindeMacBook-Pro-2.local","msg":"### 集市库存更新 \n > 名称：53%vol 500ml 贵州茅台酒二十四节气之雨水 \n > 价格：2899 \n > 库存：6 \n > 比例：请点击背包内“立春·美自天成”数字1:1藏品“行权”按钮进行购买 \n-------\n"}
{"level":30,"time":1682217261808,"pid":23193,"hostname":"wenxindeMacBook-Pro-2.local","msg":"### 集市库存更新 \n > 名称：53%vol 500ml 贵州茅台酒二十四节气之雨水 \n > 价格：2899 \n > 库存：7 \n > 比例：请点击背包内“立春·美自天成”数字1:1藏品“行权”按钮进行购买 \n-------\n"}
{"level":30,"time":1682217426148,"pid":23219,"hostname":"wenxindeMacBook-Pro-2.local","msg":"### 集市库存更新 \n  - 名称：53%vol 500ml 贵州茅台酒二十四节气之雨水 \n - 价格：2899 \n - 库存：8 \n - 比例：请点击背包内“立春·美自天成”数字1:1藏品“行权”按钮进行购买 \n-------\n"}
{"level":30,"time":1682217433105,"pid":23219,"hostname":"wenxindeMacBook-Pro-2.local","msg":"### 集市库存更新 \n  - 名称：53%vol 500ml 贵州茅台酒二十四节气之雨水 \n - 价格：2899 \n - 库存：5 \n - 比例：请点击背包内“立春·美自天成”数字1:1藏品“行权”按钮进行购买 \n-------\n"}
{"level":30,"time":1682217438379,"pid":23219,"hostname":"wenxindeMacBook-Pro-2.local","msg":"### 集市库存更新 \n  - 名称：53%vol 500ml 贵州茅台酒二十四节气之雨水 \n - 价格：2899 \n - 库存：8 \n - 比例：请点击背包内“立春·美自天成”数字1:1藏品“行权”按钮进行购买 \n-------\n"}
{"level":30,"time":1682217442549,"pid":23219,"hostname":"wenxindeMacBook-Pro-2.local","msg":"### 集市库存更新 \n  - 名称：53%vol 500ml 贵州茅台酒二十四节气之雨水 \n - 价格：2899 \n - 库存：10 \n - 比例：请点击背包内“立春·美自天成”数字1:1藏品“行权”按钮进行购买 \n-------\n"}
{"level":30,"time":1682217447544,"pid":23219,"hostname":"wenxindeMacBook-Pro-2.local","msg":"### 集市库存更新 \n  - 名称：53%vol 500ml 贵州茅台酒二十四节气之雨水 \n - 价格：2899 \n - 库存：4 \n - 比例：请点击背包内“立春·美自天成”数字1:1藏品“行权”按钮进行购买 \n-------\n"}
{"level":30,"time":1682218063347,"pid":23443,"hostname":"wenxindeMacBook-Pro-2.local","msg":"### 集市库存更新 \n  - 名称：53%vol 500ml 贵州茅台酒二十四节气之雨水 \n - 价格：2899 \n - 库存：<font color=\"red\">7</font>   \n - 比例：<font color=\"blue\"></font> \n-------\n"}
{"level":30,"time":1682218072157,"pid":23443,"hostname":"wenxindeMacBook-Pro-2.local","msg":"### 集市库存更新 \n  - 名称：53%vol 500ml 贵州茅台酒二十四节气之雨水 \n - 价格：2899 \n - 库存：<font color=\"red\">8</font>   \n - 比例：<font color=\"blue\"></font> \n-------\n"}
{"level":30,"time":1682218076751,"pid":23443,"hostname":"wenxindeMacBook-Pro-2.local","msg":"### 集市库存更新 \n  - 名称：53%vol 500ml 贵州茅台酒二十四节气之雨水 \n - 价格：2899 \n - 库存：<font color=\"red\">4</font>   \n - 比例：<font color=\"blue\"></font> \n-------\n"}
{"level":30,"time":1682218231864,"pid":23481,"hostname":"wenxindeMacBook-Pro-2.local","msg":"### 集市库存更新 \n  - 名称：53%vol 500ml 贵州茅台酒二十四节气之雨水 \n - 价格：2899 \n - 库存：<font color=\"red\">5</font>   \n - 比例：<font color=\"blue\">1:1</font> \n-------\n"}
{"level":30,"time":1682218244051,"pid":23481,"hostname":"wenxindeMacBook-Pro-2.local","msg":"### 集市库存更新 \n  - 名称：53%vol 500ml 贵州茅台酒二十四节气之雨水 \n - 价格：2899 \n - 库存：<font color=\"red\">10</font>   \n - 比例：<font color=\"blue\">1:1</font> \n-------\n"}
{"level":30,"time":1682218248098,"pid":23481,"hostname":"wenxindeMacBook-Pro-2.local","msg":"### 集市库存更新 \n  - 名称：53%vol 500ml 贵州茅台酒二十四节气之雨水 \n - 价格：2899 \n - 库存：<font color=\"red\">4</font>   \n - 比例：<font color=\"blue\">1:1</font> \n-------\n"}
{"level":30,"time":1682218252978,"pid":23481,"hostname":"wenxindeMacBook-Pro-2.local","msg":"### 集市库存更新 \n  - 名称：53%vol 500ml 贵州茅台酒二十四节气之雨水 \n - 价格：2899 \n - 库存：<font color=\"red\">7</font>   \n - 比例：<font color=\"blue\">1:1</font> \n-------\n"}
{"level":30,"time":1682651500064,"pid":78507,"hostname":"wenxindeMacBook-Pro-2.local","msg":"### 集市库存更新 \n  - 名称：月亮时光马克杯系列（内含6种规格） \n - 价格：238 \n - 库存：<font color=\"red\">可购买</font>   \n - 比例：<font color=\"blue\">2:1</font> \n-------\n"}
{"level":30,"time":1682651529630,"pid":78507,"hostname":"wenxindeMacBook-Pro-2.local","msg":"### 集市库存更新 \n  - 名称：月亮时光马克杯系列（内含6种规格） \n - 价格：238 \n - 库存：<font color=\"red\">可购买</font>   \n - 比例：<font color=\"blue\">2:1</font> \n-------\n"}
{"level":30,"time":1682651541858,"pid":78507,"hostname":"wenxindeMacBook-Pro-2.local","msg":"### 集市库存更新 \n  - 名称：月亮时光马克杯系列（内含6种规格） \n - 价格：238 \n - 库存：<font color=\"red\">可购买</font>   \n - 比例：<font color=\"blue\">2:1</font> \n-------\n"}
{"level":30,"time":1682651610197,"pid":78527,"hostname":"wenxindeMacBook-Pro-2.local","msg":"### 集市库存更新 \n  - 名称：月亮时光马克杯系列（内含6种规格） \n - 价格：238 \n - 库存：<font color=\"red\">10</font>   \n - 比例：<font color=\"blue\">2:1</font> \n-------\n"}
{"level":30,"time":1683629844991,"pid":31860,"hostname":"wenxindeMacBook-Pro-2.local","msg":"### 集市库存更新 \n  - 名称：Brainco 深海豚智能睡眠仪 \n - 价格：2248 \n - 库存：<font color=\"red\">可购买</font>   \n - 比例：<font color=\"blue\">2:1</font> \n-------\n"}
